{"total": {"lines":{"total":18,"covered":8,"skipped":0,"pct":44.44},"statements":{"total":19,"covered":9,"skipped":0,"pct":47.36},"functions":{"total":9,"covered":2,"skipped":0,"pct":22.22},"branches":{"total":8,"covered":5,"skipped":0,"pct":62.5},"branchesTrue":{"total":0,"covered":0,"skipped":0,"pct":100}}
,"/usr/src/app/src/App.tsx": {"lines":{"total":10,"covered":4,"skipped":0,"pct":40},"functions":{"total":7,"covered":2,"skipped":0,"pct":28.57},"statements":{"total":11,"covered":5,"skipped":0,"pct":45.45},"branches":{"total":8,"covered":5,"skipped":0,"pct":62.5}}
,"/usr/src/app/src/store.ts": {"lines":{"total":1,"covered":1,"skipped":0,"pct":100},"functions":{"total":0,"covered":0,"skipped":0,"pct":100},"statements":{"total":1,"covered":1,"skipped":0,"pct":100},"branches":{"total":0,"covered":0,"skipped":0,"pct":100}}
,"/usr/src/app/src/features/auth/authSlice.ts": {"lines":{"total":7,"covered":3,"skipped":0,"pct":42.85},"functions":{"total":2,"covered":0,"skipped":0,"pct":0},"statements":{"total":7,"covered":3,"skipped":0,"pct":42.85},"branches":{"total":0,"covered":0,"skipped":0,"pct":100}}
}
