TN:
SF:src/App.tsx
FN:9,App
FN:11,(anonymous_1)
FN:14,handleLogout
FN:24,(anonymous_3)
FN:25,(anonymous_4)
FN:38,(anonymous_5)
FN:39,(anonymous_6)
FNF:7
FNH:2
FNDA:1,App
FNDA:2,(anonymous_1)
FNDA:0,handleLogout
FNDA:0,(anonymous_3)
FNDA:0,(anonymous_4)
FNDA:0,(anonymous_5)
FNDA:0,(anonymous_6)
DA:10,1
DA:11,2
DA:12,1
DA:15,0
DA:16,0
DA:19,1
DA:24,0
DA:25,0
DA:38,0
DA:39,0
LF:10
LH:4
BRDA:26,0,0,0
BRDA:26,0,1,1
BRDA:37,1,0,1
BRDA:37,1,1,1
BRDA:38,2,0,1
BRDA:38,2,1,0
BRDA:39,3,0,1
BRDA:39,3,1,0
BRF:8
BRH:5
end_of_record
TN:
SF:src/store.ts
FNF:0
FNH:0
DA:4,1
LF:1
LH:1
BRF:0
BRH:0
end_of_record
TN:
SF:src/features/auth/authSlice.ts
FN:17,(anonymous_0)
FN:21,(anonymous_1)
FNF:2
FNH:0
FNDA:0,(anonymous_0)
FNDA:0,(anonymous_1)
DA:8,1
DA:13,1
DA:18,0
DA:19,0
DA:22,0
DA:23,0
DA:28,1
LF:7
LH:3
BRF:0
BRH:0
end_of_record
