{
  "numTotalTestSuites": 2,
  "numPassedTestSuites": 2,
  "numFailedTestSuites": 0,
  "numPendingTestSuites": 0,
  "numTotalTests": 1,
  "numPassedTests": 0,
  "numFailedTests": 1,
  "numPendingTests": 0,
  "numTodoTests": 0,
  "startTime": 1763234906942,
  "success": false,
  "testResults": [
    {
      "assertionResults": [
        {
          "ancestorTitles": [
            "",
            "App"
          ],
          "fullName": " App renders the main application component",
          "status": "failed",
          "title": "renders the main application component",
          "duration": 10,
          "failureMessages": [
            "A React Element from an older version of React was rendered. This is not supported. It can happen if:\n- Multiple copies of the \"react\" package is used.\n- A library pre-bundled an old copy of \"react\" or \"react/jsx-runtime\".\n- A compiler tries to \"inline\" JSX instead of using the runtime."
          ],
          "location": {
            "line": 6095,
            "column": 15
          }
        }
      ],
      "startTime": 1763234907778,
      "endTime": 1763234907788,
      "status": "failed",
      "message": "",
      "name": "/Users/melissa/omni-stock/frontend/src/App.test.tsx"
    }
  ]
}