{"numTotalTestSuites":2,"numPassedTestSuites":2,"numFailedTestSuites":0,"numPendingTestSuites":0,"numTotalTests":1,"numPassedTests":1,"numFailedTests":0,"numPendingTests":0,"numTodoTests":0,"snapshot":{"added":0,"failure":false,"filesAdded":0,"filesRemoved":0,"filesRemovedList":[],"filesUnmatched":0,"filesUpdated":0,"matched":0,"total":0,"unchecked":0,"uncheckedKeysByFile":[],"unmatched":0,"updated":0,"didUpdate":false},"startTime":1763272108053,"success":true,"testResults":[{"assertionResults":[{"ancestorTitles":["App"],"fullName":"App renders the main application component","status":"passed","title":"renders the main application component","duration":30.53537499999993,"failureMessages":[],"meta":{}}],"startTime":1763272109100,"endTime":1763272109130.5354,"status":"passed","message":"","name":"/usr/src/app/src/App.test.tsx"}],"coverageMap":{"/usr/src/app/src/features/auth/authSlice.ts":{"path":"/usr/src/app/src/features/auth/authSlice.ts","statementMap":{"0":{"start":{"line":8,"column":32},"end":{"line":11,"column":null}},"1":{"start":{"line":13,"column":6},"end":{"line":26,"column":null}},"2":{"start":{"line":18,"column":6},"end":{"line":18,"column":null}},"3":{"start":{"line":19,"column":6},"end":{"line":19,"column":null}},"4":{"start":{"line":22,"column":6},"end":{"line":22,"column":null}},"5":{"start":{"line":23,"column":6},"end":{"line":23,"column":null}},"6":{"start":{"line":28,"column":42},"end":{"line":28,"column":null}}},"fnMap":{"0":{"name":"(anonymous_0)","decl":{"start":{"line":17,"column":4},"end":{"line":17,"column":19}},"loc":{"start":{"line":17,"column":64},"end":{"line":20,"column":null}},"line":17},"1":{"name":"(anonymous_1)","decl":{"start":{"line":21,"column":4},"end":{"line":21,"column":11}},"loc":{"start":{"line":21,"column":18},"end":{"line":24,"column":null}},"line":21}},"branchMap":{},"s":{"0":1,"1":1,"2":0,"3":0,"4":0,"5":0,"6":1},"f":{"0":0,"1":0},"b":{},"meta":{"lastBranch":0,"lastFunction":2,"lastStatement":7,"seen":{"s:8:32:11:Infinity":0,"s:13:6:26:Infinity":1,"f:17:4:17:19":0,"s:18:6:18:Infinity":2,"s:19:6:19:Infinity":3,"f:21:4:21:11":1,"s:22:6:22:Infinity":4,"s:23:6:23:Infinity":5,"s:28:42:28:Infinity":6}}},"/usr/src/app/src/store.ts":{"path":"/usr/src/app/src/store.ts","statementMap":{"0":{"start":{"line":4,"column":13},"end":{"line":8,"column":null}}},"fnMap":{},"branchMap":{},"s":{"0":1},"f":{},"b":{},"meta":{"lastBranch":0,"lastFunction":0,"lastStatement":1,"seen":{"s:4:13:8:Infinity":0}}},"/usr/src/app/src/App.tsx":{"path":"/usr/src/app/src/App.tsx","statementMap":{"0":{"start":{"line":10,"column":22},"end":{"line":10,"column":null}},"1":{"start":{"line":11,"column":8},"end":{"line":11,"column":null}},"2":{"start":{"line":11,"column":56},"end":{"line":11,"column":78}},"3":{"start":{"line":12,"column":8},"end":{"line":12,"column":null}},"4":{"start":{"line":15,"column":4},"end":{"line":15,"column":null}},"5":{"start":{"line":16,"column":4},"end":{"line":16,"column":null}},"6":{"start":{"line":19,"column":2},"end":{"line":41,"column":null}},"7":{"start":{"line":24,"column":56},"end":{"line":24,"column":77}},"8":{"start":{"line":25,"column":53},"end":{"line":25,"column":71}},"9":{"start":{"line":38,"column":58},"end":{"line":38,"column":75}},"10":{"start":{"line":39,"column":66},"end":{"line":39,"column":84}}},"fnMap":{"0":{"name":"App","decl":{"start":{"line":9,"column":24},"end":{"line":9,"column":30}},"loc":{"start":{"line":9,"column":30},"end":{"line":43,"column":null}},"line":9},"1":{"name":"(anonymous_1)","decl":{"start":{"line":11,"column":38},"end":{"line":11,"column":39}},"loc":{"start":{"line":11,"column":56},"end":{"line":11,"column":78}},"line":11},"2":{"name":"handleLogout","decl":{"start":{"line":14,"column":11},"end":{"line":14,"column":26}},"loc":{"start":{"line":14,"column":26},"end":{"line":17,"column":null}},"line":14},"3":{"name":"(anonymous_3)","decl":{"start":{"line":24,"column":50},"end":{"line":24,"column":56}},"loc":{"start":{"line":24,"column":56},"end":{"line":24,"column":77}},"line":24},"4":{"name":"(anonymous_4)","decl":{"start":{"line":25,"column":47},"end":{"line":25,"column":53}},"loc":{"start":{"line":25,"column":53},"end":{"line":25,"column":71}},"line":25},"5":{"name":"(anonymous_5)","decl":{"start":{"line":38,"column":52},"end":{"line":38,"column":58}},"loc":{"start":{"line":38,"column":58},"end":{"line":38,"column":75}},"line":38},"6":{"name":"(anonymous_6)","decl":{"start":{"line":39,"column":60},"end":{"line":39,"column":66}},"loc":{"start":{"line":39,"column":66},"end":{"line":39,"column":84}},"line":39}},"branchMap":{"0":{"loc":{"start":{"line":26,"column":11},"end":{"line":29,"column":null}},"type":"cond-expr","locations":[{"start":{"line":27,"column":12},"end":{"line":27,"column":null}},{"start":{"line":29,"column":12},"end":{"line":29,"column":null}}],"line":26},"1":{"loc":{"start":{"line":37,"column":9},"end":{"line":37,"column":null}},"type":"binary-expr","locations":[{"start":{"line":37,"column":9},"end":{"line":37,"column":28}},{"start":{"line":37,"column":28},"end":{"line":37,"column":null}}],"line":37},"2":{"loc":{"start":{"line":38,"column":9},"end":{"line":38,"column":null}},"type":"binary-expr","locations":[{"start":{"line":38,"column":9},"end":{"line":38,"column":29}},{"start":{"line":38,"column":29},"end":{"line":38,"column":null}}],"line":38},"3":{"loc":{"start":{"line":39,"column":9},"end":{"line":39,"column":null}},"type":"binary-expr","locations":[{"start":{"line":39,"column":9},"end":{"line":39,"column":32}},{"start":{"line":39,"column":32},"end":{"line":39,"column":null}}],"line":39}},"s":{"0":1,"1":1,"2":2,"3":1,"4":0,"5":0,"6":1,"7":0,"8":0,"9":0,"10":0},"f":{"0":1,"1":2,"2":0,"3":0,"4":0,"5":0,"6":0},"b":{"0":[0,1],"1":[1,1],"2":[1,0],"3":[1,0]},"meta":{"lastBranch":4,"lastFunction":7,"lastStatement":11,"seen":{"f:9:24:9:30":0,"s:10:22:10:Infinity":0,"s:11:8:11:Infinity":1,"f:11:38:11:39":1,"s:11:56:11:78":2,"s:12:8:12:Infinity":3,"f:14:11:14:26":2,"s:15:4:15:Infinity":4,"s:16:4:16:Infinity":5,"s:19:2:41:Infinity":6,"f:24:50:24:56":3,"s:24:56:24:77":7,"f:25:47:25:53":4,"s:25:53:25:71":8,"b:27:12:27:Infinity:29:12:29:Infinity":0,"b:37:9:37:28:37:28:37:Infinity":1,"b:38:9:38:29:38:29:38:Infinity":2,"f:38:52:38:58":5,"s:38:58:38:75":9,"b:39:9:39:32:39:32:39:Infinity":3,"f:39:60:39:66":6,"s:39:66:39:84":10}}}}}
