<?xml version="1.0" encoding="utf-8"?><testsuites name="pytest tests"><testsuite name="pytest" errors="0" failures="0" skipped="0" tests="29" time="0.995" timestamp="2025-11-16T03:54:28.208529+00:00" hostname="fddcb47f350c"><testcase classname="collectibles.tests.test_auth" name="test_register_and_token_flow" time="0.561" /><testcase classname="collectibles.tests.test_card_details_api" name="test_collectible_list_includes_card_details" time="0.008" /><testcase classname="collectibles.tests.test_card_details_api" name="test_filter_collectibles_by_card_language" time="0.005" /><testcase classname="collectibles.tests.test_card_details_api" name="test_create_collectible_with_nested_card_details" time="0.006" /><testcase classname="collectibles.tests.test_card_details_api" name="test_update_collectible_nested_card_details" time="0.007" /><testcase classname="collectibles.tests.test_card_details_api" name="test_openapi_includes_writable_card_details" time="0.012" /><testcase classname="collectibles.tests.test_card_details_validation" name="test_create_card_details_with_invalid_date_format" time="0.006" /><testcase classname="collectibles.tests.test_card_details_validation" name="test_unauthenticated_user_cannot_create_collectible_with_card_details" time="0.002" /><testcase classname="collectibles.tests.test_card_details_validation" name="test_user_without_vendor_can_create_collectible_without_vendor_field" time="0.005" /><testcase classname="collectibles.tests.test_card_release_metadata" name="test_card_details_release_metadata_stored_and_serialized" time="0.004" /><testcase classname="collectibles.tests.test_carddetails" name="test_psa_grade_stored_and_retrieved" time="0.003" /><testcase classname="collectibles.tests.test_carddetails" name="test_get_external_ids_handles_invalid_json" time="0.002" /><testcase classname="collectibles.tests.test_carddetails" name="test_set_external_ids_handles_unserializable" time="0.003" /><testcase classname="collectibles.tests.test_load_demo_data" name="test_load_demo_data_creates_items" time="0.109" /><testcase classname="collectibles.tests.test_models" name="test_vendor_slug_generation" time="0.003" /><testcase classname="collectibles.tests.test_models" name="test_carddetails_external_ids_helper" time="0.003" /><testcase classname="collectibles.tests.test_models" name="test_carddetails_str_with_sku" time="0.003" /><testcase classname="collectibles.tests.test_models" name="test_carddetails_str_unsaved" time="0.001" /><testcase classname="collectibles.tests.test_models" name="test_carddetails_str_saved_collectible_missing_sku" time="0.003" /><testcase classname="collectibles.tests.test_openapi_schema" name="test_openapi_schema_matches_baseline" time="0.058" /><testcase classname="collectibles.tests.test_serializers" name="test_collectible_serializer_roundtrip" time="0.008" /><testcase classname="collectibles.tests.test_vendor_permissions" name="test_list_scoped_to_user_vendor" time="0.007" /><testcase classname="collectibles.tests.test_vendor_permissions" name="test_create_with_wrong_vendor_forbidden" time="0.008" /><testcase classname="collectibles.tests.test_vendor_permissions" name="test_owner_can_create_for_their_vendor" time="0.007" /><testcase classname="collectibles.tests.test_vendor_permissions" name="test_owner_can_update_their_collectible" time="0.009" /><testcase classname="collectibles.tests.test_vendor_permissions" name="test_cannot_update_other_vendors_collectible" time="0.006" /><testcase classname="collectibles.tests.test_vendor_permissions" name="test_only_owner_can_delete_collectible" time="0.006" /><testcase classname="collectibles.tests.test_vendor_permissions" name="test_cannot_delete_other_vendors_collectible" time="0.006" /><testcase classname="collectibles.tests.test_viewsets" name="test_collectible_viewset_list_and_create" time="0.038" /></testsuite></testsuites>